<?xml version="1.0" encoding="UTF-8"?>
<!-- Generated by org.testng.reporters.JUnitReportReporter -->
<testsuite name="Runner" tests="1" time="7.938" ignored="0" failures="0" timestamp="08 Apr 2018 13:35:59 GMT" skipped="0" hostname="aanukevich" errors="0">
  <testcase name="runScenario" time="7.938" classname="Runner"/>
</testsuite> <!-- Runner -->
